AUTOCREATE
2014-02-20T14:38:44+01:00 : 0|admin|login|index|[]
2014-02-20T14:38:58+01:00 : 0|admin|login|login|{"username":"admin","submit":"Login"}
2014-02-20T14:38:58+01:00 : 2|admin|index|index|[]
2014-02-20T14:38:58+01:00 : 2|admin|user|get-image|[]
2014-02-20T14:38:58+01:00 : 2|admin|misc|robohash|{"width":"46","height":"46","seed":"admin-pimcore1.tim"}
2014-02-20T14:38:59+01:00 : 2|admin|misc|admin-css|[]
2014-02-20T14:38:59+01:00 : 2|admin|misc|json-translations-admin|{"language":"en"}
2014-02-20T14:38:59+01:00 : 2|admin|misc|available-languages|[]
2014-02-20T14:38:59+01:00 : 2|admin|user|get-current-user|[]
2014-02-20T14:38:59+01:00 : 2|admin|misc|json-translations-system|{"language":"en"}
2014-02-20T14:39:03+01:00 : 2|reports|targeting|persona-list|[]
2014-02-20T14:39:03+01:00 : 2|admin|document|doc-types|{"xaction":"read"}
2014-02-20T14:39:03+01:00 : 2|admin|settings|get-available-sites|[]
2014-02-20T14:39:03+01:00 : 2|admin|class|get-tree|[]
2014-02-20T14:39:03+01:00 : 2|admin|settings|get-available-admin-languages|[]
2014-02-20T14:39:03+01:00 : 2|admin|document|tree-get-root|{"id":"1"}
2014-02-20T14:39:03+01:00 : 2|admin|object|tree-get-root|{"id":"1"}
2014-02-20T14:39:03+01:00 : 2|admin|asset|tree-get-root|{"id":"1"}
2014-02-20T14:39:03+01:00 : 2|admin|portal|dashboard-list|[]
2014-02-20T14:39:03+01:00 : 2|admin|portal|get-configuration|{"key":"welcome"}
2014-02-20T14:39:04+01:00 : 2|admin|document|tree-get-childs-by-id|{"limit":"50","start":"0","node":"1"}
2014-02-20T14:39:04+01:00 : 2|reports|custom-report|get-report-config|[]
2014-02-20T14:39:04+01:00 : 2|admin|portal|portlet-modification-statistics|[]
2014-02-20T14:39:04+01:00 : 2|admin|asset|tree-get-childs-by-id|{"limit":"50","start":"0","node":"1"}
2014-02-20T14:39:04+01:00 : 2|admin|object|tree-get-childs-by-id|{"limit":"30","start":"0","node":"1"}
2014-02-20T14:39:04+01:00 : 2|admin|portal|portlet-modified-assets|[]
2014-02-20T14:39:04+01:00 : 2|admin|portal|portlet-modified-objects|[]
2014-02-20T14:39:04+01:00 : 2|admin|portal|portlet-modified-documents|[]
2014-02-20T14:40:03+01:00 : 2|admin|misc|ping|[]
2014-02-20T14:41:03+01:00 : 2|admin|misc|ping|[]
2014-02-20T14:42:03+01:00 : 2|admin|misc|ping|[]
2014-02-20T14:43:03+01:00 : 2|admin|misc|ping|[]
2014-02-20T14:44:03+01:00 : 2|admin|misc|ping|[]
2014-02-20T14:45:03+01:00 : 2|admin|misc|ping|[]
2014-02-20T14:46:03+01:00 : 2|admin|misc|ping|[]
2014-02-20T14:47:03+01:00 : 2|admin|misc|ping|[]
2014-02-20T14:48:03+01:00 : 2|admin|misc|ping|[]
2014-02-20T14:49:03+01:00 : 2|admin|misc|ping|[]
2014-02-20T14:50:03+01:00 : 2|admin|misc|ping|[]
2014-02-20T14:51:03+01:00 : 2|admin|misc|ping|[]
2014-02-20T14:52:03+01:00 : 2|admin|misc|ping|[]
2014-02-20T14:53:03+01:00 : 2|admin|misc|ping|[]
2014-02-20T14:54:03+01:00 : 2|admin|misc|ping|[]
2014-02-20T14:55:03+01:00 : 2|admin|misc|ping|[]
2014-02-20T14:56:03+01:00 : 2|admin|misc|ping|[]
2014-02-20T14:57:03+01:00 : 2|admin|misc|ping|[]
2014-02-20T14:58:03+01:00 : 2|admin|misc|ping|[]
2014-02-20T14:59:03+01:00 : 2|admin|misc|ping|[]
2014-02-20T15:00:03+01:00 : 2|admin|misc|ping|[]
2014-02-20T15:01:03+01:00 : 2|admin|misc|ping|[]
2014-02-20T15:02:03+01:00 : 2|admin|misc|ping|[]
2014-02-20T15:03:03+01:00 : 2|admin|misc|ping|[]
2014-02-20T15:04:03+01:00 : 2|admin|misc|ping|[]
2014-02-20T15:05:03+01:00 : 2|admin|misc|ping|[]
2014-02-20T15:06:03+01:00 : 2|admin|misc|ping|[]
2014-02-20T15:07:03+01:00 : 2|admin|misc|ping|[]
2014-02-20T15:08:03+01:00 : 2|admin|misc|ping|[]
2014-02-20T15:09:03+01:00 : 2|admin|misc|ping|[]
2014-02-20T15:10:03+01:00 : 2|admin|misc|ping|[]
2014-02-20T15:11:03+01:00 : 2|admin|misc|ping|[]
2014-02-20T15:12:03+01:00 : 2|admin|misc|ping|[]
2014-02-20T15:13:03+01:00 : 2|admin|misc|ping|[]
2014-02-20T15:14:03+01:00 : 2|admin|misc|ping|[]
2014-02-20T15:15:03+01:00 : 2|admin|misc|ping|[]
2014-02-20T15:16:03+01:00 : 2|admin|misc|ping|[]
2014-02-20T15:17:03+01:00 : 2|admin|misc|ping|[]
2014-02-20T15:18:03+01:00 : 2|admin|misc|ping|[]
2014-02-20T15:19:03+01:00 : 2|admin|misc|ping|[]
2014-02-20T15:20:03+01:00 : 2|admin|misc|ping|[]
2014-02-20T15:21:03+01:00 : 2|admin|misc|ping|[]
2014-02-20T15:22:03+01:00 : 2|admin|misc|ping|[]
2014-02-20T15:23:03+01:00 : 2|admin|misc|ping|[]
2014-02-20T15:24:03+01:00 : 2|admin|misc|ping|[]
2014-02-20T15:25:03+01:00 : 2|admin|misc|ping|[]
2014-02-20T15:26:03+01:00 : 2|admin|misc|ping|[]
2014-02-20T15:27:03+01:00 : 2|admin|misc|ping|[]
2014-02-20T15:28:03+01:00 : 2|admin|misc|ping|[]
2014-02-20T15:29:03+01:00 : 2|admin|misc|ping|[]
2014-02-20T15:30:03+01:00 : 2|admin|misc|ping|[]
2014-02-20T15:31:03+01:00 : 2|admin|misc|ping|[]
2014-02-20T15:32:03+01:00 : 2|admin|misc|ping|[]
2014-02-20T15:33:03+01:00 : 2|admin|misc|ping|[]
2014-02-20T15:34:03+01:00 : 2|admin|misc|ping|[]
2014-02-20T15:35:03+01:00 : 2|admin|misc|ping|[]
2014-02-20T15:36:03+01:00 : 2|admin|misc|ping|[]
2014-02-20T15:37:03+01:00 : 2|admin|misc|ping|[]
2014-02-20T15:38:03+01:00 : 2|admin|misc|ping|[]
2014-02-20T15:39:03+01:00 : 2|admin|misc|ping|[]
2014-02-20T15:40:03+01:00 : 2|admin|misc|ping|[]
2014-02-20T15:41:03+01:00 : 2|admin|misc|ping|[]
2014-02-20T15:42:03+01:00 : 2|admin|misc|ping|[]
2014-02-20T15:43:03+01:00 : 2|admin|misc|ping|[]
2014-02-20T15:44:03+01:00 : 2|admin|misc|ping|[]
2014-02-20T15:45:03+01:00 : 2|admin|misc|ping|[]
2014-02-20T15:46:03+01:00 : 2|admin|misc|ping|[]
2014-02-20T15:47:03+01:00 : 2|admin|misc|ping|[]
2014-02-20T15:48:03+01:00 : 2|admin|misc|ping|[]
2014-02-20T15:49:03+01:00 : 2|admin|misc|ping|[]
2014-02-20T15:50:03+01:00 : 2|admin|misc|ping|[]
2014-02-20T15:51:03+01:00 : 2|admin|misc|ping|[]
2014-02-20T15:52:03+01:00 : 2|admin|misc|ping|[]
2014-02-20T15:53:03+01:00 : 2|admin|misc|ping|[]
2014-02-20T15:54:03+01:00 : 2|admin|misc|ping|[]
2014-02-20T15:55:03+01:00 : 2|admin|misc|ping|[]
2014-02-20T15:56:03+01:00 : 2|admin|misc|ping|[]
2014-02-20T15:57:03+01:00 : 2|admin|misc|ping|[]
2014-02-20T15:58:03+01:00 : 2|admin|misc|ping|[]
2014-02-20T15:59:03+01:00 : 2|admin|misc|ping|[]
2014-02-20T16:00:03+01:00 : 2|admin|misc|ping|[]
2014-02-20T16:01:03+01:00 : 2|admin|misc|ping|[]
2014-02-20T16:02:03+01:00 : 2|admin|misc|ping|[]
2014-02-20T16:03:03+01:00 : 2|admin|misc|ping|[]
2014-02-20T16:04:03+01:00 : 2|admin|misc|ping|[]
2014-02-20T16:05:03+01:00 : 2|admin|misc|ping|[]
2014-02-20T16:06:03+01:00 : 2|admin|misc|ping|[]
2014-02-20T16:07:03+01:00 : 2|admin|misc|ping|[]
2014-02-20T16:08:03+01:00 : 2|admin|misc|ping|[]
2014-02-20T16:09:03+01:00 : 2|admin|misc|ping|[]
2014-02-21T08:39:05+01:00 : 0|admin|login|index|[]
2014-02-21T08:39:12+01:00 : 0|admin|login|login|{"username":"admin","submit":"Login"}
2014-02-21T08:39:12+01:00 : 2|admin|index|index|[]
2014-02-21T08:39:13+01:00 : 2|admin|misc|admin-css|[]
2014-02-21T08:39:13+01:00 : 2|admin|user|get-current-user|[]
2014-02-21T08:39:13+01:00 : 2|admin|misc|json-translations-system|{"language":"en"}
2014-02-21T08:39:13+01:00 : 2|admin|misc|available-languages|[]
2014-02-21T08:39:13+01:00 : 2|admin|misc|json-translations-admin|{"language":"en"}
2014-02-21T08:39:13+01:00 : 2|admin|user|get-image|[]
2014-02-21T08:39:13+01:00 : 2|admin|misc|robohash|{"width":"46","height":"46","seed":"admin-pimcore1.tim"}
2014-02-21T08:39:15+01:00 : 2|reports|targeting|persona-list|[]
2014-02-21T08:39:15+01:00 : 2|admin|settings|get-available-admin-languages|[]
2014-02-21T08:39:15+01:00 : 2|admin|document|doc-types|{"xaction":"read"}
2014-02-21T08:39:15+01:00 : 2|admin|settings|get-available-sites|[]
2014-02-21T08:39:15+01:00 : 2|admin|document|tree-get-root|{"id":"1"}
2014-02-21T08:39:15+01:00 : 2|admin|class|get-tree|[]
2014-02-21T08:39:16+01:00 : 2|admin|asset|tree-get-root|{"id":"1"}
2014-02-21T08:39:16+01:00 : 2|admin|portal|get-configuration|{"key":"welcome"}
2014-02-21T08:39:16+01:00 : 2|admin|portal|dashboard-list|[]
2014-02-21T08:39:16+01:00 : 2|admin|object|tree-get-root|{"id":"1"}
2014-02-21T08:39:16+01:00 : 2|admin|document|tree-get-childs-by-id|{"limit":"50","start":"0","node":"1"}
2014-02-21T08:39:16+01:00 : 2|admin|portal|portlet-modified-documents|[]
2014-02-21T08:39:16+01:00 : 2|admin|portal|portlet-modification-statistics|[]
2014-02-21T08:39:16+01:00 : 2|admin|portal|portlet-modified-assets|[]
2014-02-21T08:39:16+01:00 : 2|admin|asset|tree-get-childs-by-id|{"limit":"50","start":"0","node":"1"}
2014-02-21T08:39:16+01:00 : 2|admin|portal|portlet-modified-objects|[]
2014-02-21T08:39:17+01:00 : 2|admin|object|tree-get-childs-by-id|{"limit":"30","start":"0","node":"1"}
2014-02-21T08:39:17+01:00 : 2|reports|custom-report|get-report-config|[]
2014-02-21T08:39:21+01:00 : 2|extensionmanager|admin|get-extensions|[]
2014-02-21T08:39:45+01:00 : 2|extensionmanager|admin|create|{"name":"KegaAmqp"}
2014-02-21T08:39:46+01:00 : 2|extensionmanager|admin|get-extensions|[]
2014-02-21T08:40:14+01:00 : 2|admin|misc|ping|[]
2014-02-21T08:41:14+01:00 : 2|admin|misc|ping|[]
2014-02-21T08:41:43+01:00 : 2|extensionmanager|admin|create|{"name":"KegaAmqp"}
2014-02-21T08:41:44+01:00 : 2|extensionmanager|admin|get-extensions|[]
2014-02-21T08:42:15+01:00 : 2|admin|misc|ping|[]
2014-02-21T08:43:15+01:00 : 2|admin|misc|ping|[]
2014-02-21T08:44:15+01:00 : 2|admin|misc|ping|[]
2014-02-21T08:45:15+01:00 : 2|admin|misc|ping|[]
2014-02-21T08:46:15+01:00 : 2|admin|misc|ping|[]
2014-02-21T08:47:15+01:00 : 2|admin|misc|ping|[]
2014-02-21T08:48:15+01:00 : 2|admin|misc|ping|[]
2014-02-21T08:48:33+01:00 : 2|extensionmanager|admin|toggle-extension-state|{"method":"enable","id":"KegaAmqp","type":"plugin"}
2014-02-21T08:48:34+01:00 : 2|admin|index|index|[]
2014-02-21T08:48:35+01:00 : 2|admin|misc|available-languages|[]
2014-02-21T08:48:35+01:00 : 2|admin|misc|json-translations-admin|{"language":"en"}
2014-02-21T08:48:35+01:00 : 2|admin|misc|json-translations-system|{"language":"en"}
2014-02-21T08:48:35+01:00 : 2|admin|user|get-image|[]
2014-02-21T08:48:35+01:00 : 2|admin|misc|admin-css|[]
2014-02-21T08:48:35+01:00 : 2|admin|user|get-current-user|[]
2014-02-21T08:48:35+01:00 : 2|admin|misc|robohash|{"width":"46","height":"46","seed":"admin-pimcore1.tim"}
2014-02-21T08:48:36+01:00 : 2|admin|settings|get-available-admin-languages|[]
2014-02-21T08:48:36+01:00 : 2|reports|targeting|persona-list|[]
2014-02-21T08:48:36+01:00 : 2|admin|document|doc-types|{"xaction":"read"}
2014-02-21T08:48:36+01:00 : 2|admin|class|get-tree|[]
2014-02-21T08:48:36+01:00 : 2|admin|settings|get-available-sites|[]
2014-02-21T08:48:36+01:00 : 2|admin|document|tree-get-root|{"id":"1"}
2014-02-21T08:48:37+01:00 : 2|admin|asset|tree-get-root|{"id":"1"}
2014-02-21T08:48:37+01:00 : 2|admin|portal|dashboard-list|[]
2014-02-21T08:48:37+01:00 : 2|admin|object|tree-get-root|{"id":"1"}
2014-02-21T08:48:37+01:00 : 2|admin|portal|get-configuration|{"key":"welcome"}
2014-02-21T08:48:37+01:00 : 2|admin|document|tree-get-childs-by-id|{"limit":"50","start":"0","node":"1"}
2014-02-21T08:48:37+01:00 : 2|admin|asset|tree-get-childs-by-id|{"limit":"50","start":"0","node":"1"}
2014-02-21T08:48:37+01:00 : 2|reports|custom-report|get-report-config|[]
2014-02-21T08:48:37+01:00 : 2|admin|portal|portlet-modification-statistics|[]
2014-02-21T08:48:37+01:00 : 2|admin|object|tree-get-childs-by-id|{"limit":"30","start":"0","node":"1"}
2014-02-21T08:48:37+01:00 : 2|admin|portal|portlet-modified-assets|[]
2014-02-21T08:48:38+01:00 : 2|admin|portal|portlet-modified-documents|[]
2014-02-21T08:48:38+01:00 : 2|admin|portal|portlet-modified-objects|[]
2014-02-21T08:48:41+01:00 : 2|extensionmanager|admin|get-extensions|[]
2014-02-21T08:49:36+01:00 : 2|admin|misc|ping|[]
2014-02-21T08:50:15+01:00 : 2|admin|index|index|[]
2014-02-21T08:50:15+01:00 : 2|admin|misc|available-languages|[]
2014-02-21T08:50:15+01:00 : 2|admin|misc|json-translations-system|{"language":"en"}
2014-02-21T08:50:15+01:00 : 2|admin|misc|admin-css|[]
2014-02-21T08:50:15+01:00 : 2|admin|user|get-image|[]
2014-02-21T08:50:15+01:00 : 2|admin|misc|json-translations-admin|{"language":"en"}
2014-02-21T08:50:15+01:00 : 2|admin|user|get-current-user|[]
2014-02-21T08:50:16+01:00 : 2|admin|misc|robohash|{"width":"46","height":"46","seed":"admin-pimcore1.tim"}
2014-02-21T08:50:17+01:00 : 2|admin|class|get-tree|[]
2014-02-21T08:50:17+01:00 : 2|admin|settings|get-available-sites|[]
2014-02-21T08:50:17+01:00 : 2|admin|document|tree-get-root|{"id":"1"}
2014-02-21T08:50:17+01:00 : 2|admin|document|doc-types|{"xaction":"read"}
2014-02-21T08:50:17+01:00 : 2|admin|settings|get-available-admin-languages|[]
2014-02-21T08:50:17+01:00 : 2|reports|targeting|persona-list|[]
2014-02-21T08:50:17+01:00 : 2|admin|portal|dashboard-list|[]
2014-02-21T08:50:17+01:00 : 2|admin|portal|get-configuration|{"key":"welcome"}
2014-02-21T08:50:17+01:00 : 2|admin|document|tree-get-childs-by-id|{"limit":"50","start":"0","node":"1"}
2014-02-21T08:50:17+01:00 : 2|admin|asset|tree-get-root|{"id":"1"}
2014-02-21T08:50:17+01:00 : 2|admin|object|tree-get-root|{"id":"1"}
2014-02-21T08:50:18+01:00 : 2|admin|portal|portlet-modified-assets|[]
2014-02-21T08:50:18+01:00 : 2|admin|portal|portlet-modification-statistics|[]
2014-02-21T08:50:18+01:00 : 2|admin|portal|portlet-modified-objects|[]
2014-02-21T08:50:18+01:00 : 2|admin|portal|portlet-modified-documents|[]
2014-02-21T08:50:18+01:00 : 2|admin|asset|tree-get-childs-by-id|{"limit":"50","start":"0","node":"1"}
2014-02-21T08:50:18+01:00 : 2|reports|custom-report|get-report-config|[]
2014-02-21T08:50:18+01:00 : 2|admin|object|tree-get-childs-by-id|{"limit":"30","start":"0","node":"1"}
2014-02-21T08:50:39+01:00 : 2|admin|misc|liveconnect|{"token":"IDTTvQBumx4XoZou37Nu7g00"}
2014-02-21T08:50:39+01:00 : 2|extensionmanager|download|get-extensions|[]
2014-02-21T08:50:55+01:00 : 2|extensionmanager|download|get-download-information|{"id":"ColorPicker","type":"plugin"}
2014-02-21T08:50:56+01:00 : 2|extensionmanager|download|empty-extension-dir|{"id":"ColorPicker","type":"plugin"}
2014-02-21T08:50:56+01:00 : 2|extensionmanager|download|download-file|{"id":"ColorPicker","type":"plugin","path":"\/ColorPicker\/controllers\/AdminController...","revision":"22"}
2014-02-21T08:50:57+01:00 : 2|extensionmanager|download|download-file|{"id":"ColorPicker","type":"plugin","path":"\/ColorPicker\/controllers\/PaletteControll...","revision":"22"}
2014-02-21T08:50:58+01:00 : 2|extensionmanager|download|download-file|{"id":"ColorPicker","type":"plugin","path":"\/ColorPicker\/lib\/ColorPicker\/Controller\/...","revision":"22"}
2014-02-21T08:50:59+01:00 : 2|extensionmanager|download|download-file|{"id":"ColorPicker","type":"plugin","path":"\/ColorPicker\/doc\/README","revision":"22"}
2014-02-21T08:50:59+01:00 : 2|extensionmanager|download|download-file|{"id":"ColorPicker","type":"plugin","path":"\/ColorPicker\/lib\/ColorPicker\/Plugin.php","revision":"22"}
2014-02-21T08:51:00+01:00 : 2|extensionmanager|download|download-file|{"id":"ColorPicker","type":"plugin","path":"\/ColorPicker\/lib\/Document\/Tag\/Color.php","revision":"22"}
2014-02-21T08:51:01+01:00 : 2|extensionmanager|download|download-file|{"id":"ColorPicker","type":"plugin","path":"\/ColorPicker\/lib\/Object\/Class\/Data\/Color...","revision":"22"}
2014-02-21T08:51:02+01:00 : 2|extensionmanager|download|download-file|{"id":"ColorPicker","type":"plugin","path":"\/ColorPicker\/models\/ColorPicker\/Palette....","revision":"22"}
2014-02-21T08:51:02+01:00 : 2|extensionmanager|download|download-file|{"id":"ColorPicker","type":"plugin","path":"\/ColorPicker\/plugin.xml","revision":"22"}
2014-02-21T08:51:03+01:00 : 2|extensionmanager|download|download-file|{"id":"ColorPicker","type":"plugin","path":"\/ColorPicker\/static\/css\/admin.css","revision":"22"}
2014-02-21T08:51:04+01:00 : 2|extensionmanager|download|download-file|{"id":"ColorPicker","type":"plugin","path":"\/ColorPicker\/static\/img\/add.png","revision":"22"}
2014-02-21T08:51:05+01:00 : 2|extensionmanager|download|download-file|{"id":"ColorPicker","type":"plugin","path":"\/ColorPicker\/static\/img\/delete.png","revision":"22"}
2014-02-21T08:51:05+01:00 : 2|extensionmanager|download|download-file|{"id":"ColorPicker","type":"plugin","path":"\/ColorPicker\/static\/img\/icon-small.png","revision":"22"}
2014-02-21T08:51:06+01:00 : 2|extensionmanager|download|download-file|{"id":"ColorPicker","type":"plugin","path":"\/ColorPicker\/static\/img\/icon.png","revision":"22"}
2014-02-21T08:51:07+01:00 : 2|extensionmanager|download|download-file|{"id":"ColorPicker","type":"plugin","path":"\/ColorPicker\/static\/img\/save.png","revision":"22"}
2014-02-21T08:51:08+01:00 : 2|extensionmanager|download|download-file|{"id":"ColorPicker","type":"plugin","path":"\/ColorPicker\/static\/js\/admin.js","revision":"22"}
2014-02-21T08:51:09+01:00 : 2|extensionmanager|download|download-file|{"id":"ColorPicker","type":"plugin","path":"\/ColorPicker\/static\/js\/colorpicker\/cache...","revision":"22"}
2014-02-21T08:51:09+01:00 : 2|extensionmanager|download|download-file|{"id":"ColorPicker","type":"plugin","path":"\/ColorPicker\/static\/js\/colorpicker\/docum...","revision":"22"}
2014-02-21T08:51:10+01:00 : 2|extensionmanager|download|download-file|{"id":"ColorPicker","type":"plugin","path":"\/ColorPicker\/static\/js\/colorpicker\/edito...","revision":"22"}
2014-02-21T08:51:11+01:00 : 2|extensionmanager|download|download-file|{"id":"ColorPicker","type":"plugin","path":"\/ColorPicker\/static\/js\/colorpicker\/objec...","revision":"22"}
2014-02-21T08:51:12+01:00 : 2|extensionmanager|download|download-file|{"id":"ColorPicker","type":"plugin","path":"\/ColorPicker\/static\/js\/colorpicker\/objec...","revision":"22"}
2014-02-21T08:51:12+01:00 : 2|extensionmanager|download|download-file|{"id":"ColorPicker","type":"plugin","path":"\/ColorPicker\/texts\/en.csv","revision":"22"}
2014-02-21T08:51:13+01:00 : 2|extensionmanager|download|download-file|{"id":"ColorPicker","type":"plugin","path":"\/ColorPicker\/texts\/nl.csv","revision":"22"}
2014-02-21T08:51:14+01:00 : 2|extensionmanager|download|download-file|{"id":"ColorPicker","type":"plugin","path":"\/ColorPicker\/views\/scripts\/admin\/setting...","revision":"22"}
2014-02-21T08:51:16+01:00 : 2|admin|misc|ping|[]
2014-02-21T08:51:17+01:00 : 2|extensionmanager|download|get-extensions|[]
2014-02-21T08:52:16+01:00 : 2|admin|misc|ping|[]
2014-02-21T08:53:16+01:00 : 2|admin|misc|ping|[]
2014-02-21T08:53:33+01:00 : 2|admin|index|index|[]
2014-02-21T08:53:33+01:00 : 2|admin|misc|json-translations-system|{"language":"en"}
2014-02-21T08:53:33+01:00 : 2|admin|user|get-image|[]
2014-02-21T08:53:33+01:00 : 2|admin|misc|available-languages|[]
2014-02-21T08:53:33+01:00 : 2|admin|user|get-current-user|[]
2014-02-21T08:53:33+01:00 : 2|admin|misc|json-translations-admin|{"language":"en"}
2014-02-21T08:53:33+01:00 : 2|admin|misc|admin-css|[]
2014-02-21T08:53:33+01:00 : 2|admin|misc|robohash|{"width":"46","height":"46","seed":"admin-pimcore1.tim"}
2014-02-21T08:53:34+01:00 : 2|reports|targeting|persona-list|[]
2014-02-21T08:53:34+01:00 : 2|admin|document|doc-types|{"xaction":"read"}
2014-02-21T08:53:34+01:00 : 2|admin|class|get-tree|[]
2014-02-21T08:53:34+01:00 : 2|admin|settings|get-available-sites|[]
2014-02-21T08:53:34+01:00 : 2|admin|document|tree-get-root|{"id":"1"}
2014-02-21T08:53:35+01:00 : 2|admin|settings|get-available-admin-languages|[]
2014-02-21T08:53:35+01:00 : 2|admin|asset|tree-get-root|{"id":"1"}
2014-02-21T08:53:35+01:00 : 2|admin|object|tree-get-root|{"id":"1"}
2014-02-21T08:53:35+01:00 : 2|admin|portal|dashboard-list|[]
2014-02-21T08:53:35+01:00 : 2|admin|portal|get-configuration|{"key":"welcome"}
2014-02-21T08:53:35+01:00 : 2|admin|document|tree-get-childs-by-id|{"limit":"50","start":"0","node":"1"}
2014-02-21T08:53:35+01:00 : 2|admin|portal|portlet-modification-statistics|[]
2014-02-21T08:53:35+01:00 : 2|admin|portal|portlet-modified-objects|[]
2014-02-21T08:53:35+01:00 : 2|admin|portal|portlet-modified-assets|[]
2014-02-21T08:53:36+01:00 : 2|admin|asset|tree-get-childs-by-id|{"limit":"50","start":"0","node":"1"}
2014-02-21T08:53:36+01:00 : 2|admin|portal|portlet-modified-documents|[]
2014-02-21T08:53:36+01:00 : 2|reports|custom-report|get-report-config|[]
2014-02-21T08:53:36+01:00 : 2|admin|object|tree-get-childs-by-id|{"limit":"30","start":"0","node":"1"}
2014-02-21T08:53:47+01:00 : 2|admin|class|get-tree|{"grouped":"1","node":"0"}
2014-02-21T08:53:50+01:00 : 2|admin|class|add|{"name":"test"}
2014-02-21T08:53:50+01:00 : 2|admin|class|get|{"id":"1"}
2014-02-21T08:53:50+01:00 : 2|admin|class|get-tree|[]
2014-02-21T08:53:50+01:00 : 2|admin|class|get-tree|{"grouped":"1","node":"0"}
2014-02-21T08:53:50+01:00 : 2|admin|index|index|[]
2014-02-21T08:53:51+01:00 : 2|admin|index|index|[]
2014-02-21T08:54:04+01:00 : 2|admin|translation|add-admin-translation-keys|{"keys":"[\"test\"]"}
2014-02-21T08:54:04+01:00 : 2|admin|class|save|{"configuration":"{\"childs\":[{\"name\":\"Layout\",\"datatype\":\"...","values":"{\"id\":1,\"name\":\"test\",\"description\":\"\",\"...","id":"1"}
2014-02-21T08:54:04+01:00 : 2|admin|class|get-tree|{"grouped":"1","node":"0"}
2014-02-21T08:54:04+01:00 : 2|admin|class|get-tree|[]
2014-02-21T08:54:14+01:00 : 2|admin|misc|get-valid-filename|{"value":"test"}
2014-02-21T08:54:14+01:00 : 2|admin|object|add|{"className":"test","classId":"1","parentId":"1","key":"test"}
2014-02-21T08:54:15+01:00 : 2|admin|misc|robohash|[]
2014-02-21T08:54:15+01:00 : 2|admin|object|tree-get-childs-by-id|{"limit":"30","start":"0","node":"1"}
2014-02-21T08:54:15+01:00 : 2|admin|object|tree-get-childs-by-id|{"limit":"30","start":"0","node":"2"}
2014-02-21T08:54:34+01:00 : 2|admin|misc|ping|[]
2014-02-21T08:55:34+01:00 : 2|admin|misc|ping|[]
2014-02-21T08:56:34+01:00 : 2|admin|misc|ping|[]
2014-02-21T08:57:34+01:00 : 2|admin|misc|ping|[]
2014-02-21T08:58:34+01:00 : 2|admin|misc|ping|[]
2014-02-21T08:59:34+01:00 : 2|admin|misc|ping|[]
2014-02-21T08:59:39+01:00 : 2|KegaAmqp|index|index|[]
2014-02-21T09:00:34+01:00 : 2|admin|misc|ping|[]
2014-02-21T09:01:34+01:00 : 2|admin|misc|ping|[]
2014-02-21T09:02:05+01:00 : 2|KegaAmqp|index|index|[]
2014-02-21T09:02:24+01:00 : 2|KegaAmqp|index|index|[]
2014-02-21T09:02:34+01:00 : 2|admin|misc|ping|[]
2014-02-21T09:03:34+01:00 : 2|admin|misc|ping|[]
2014-02-21T09:04:34+01:00 : 2|admin|misc|ping|[]
2014-02-21T09:05:23+01:00 : 2|KegaAmqp|index|index|[]
2014-02-21T09:05:35+01:00 : 2|admin|misc|ping|[]
2014-02-21T09:05:53+01:00 : 2|KegaAmqp|index|index|[]
2014-02-21T09:06:23+01:00 : 2|KegaAmqp|index|index|[]
2014-02-21T09:06:35+01:00 : 2|admin|misc|ping|[]
2014-02-21T09:06:36+01:00 : 2|KegaAmqp|index|index|[]
2014-02-21T09:06:37+01:00 : 2|KegaAmqp|index|index|[]
2014-02-21T09:07:35+01:00 : 2|admin|misc|ping|[]
2014-02-21T09:07:51+01:00 : 2|KegaAmqp|index|index|[]
2014-02-21T09:07:53+01:00 : 2|KegaAmqp|index|index|[]
2014-02-21T09:08:35+01:00 : 2|admin|misc|ping|[]
2014-02-21T09:08:43+01:00 : 2|KegaAmqp|index|index|[]
2014-02-21T09:09:35+01:00 : 2|admin|misc|ping|[]
2014-02-21T09:10:28+01:00 : 2|KegaAmqp|index|index|[]
2014-02-21T09:10:35+01:00 : 2|admin|misc|ping|[]
2014-02-21T09:10:41+01:00 : 2|KegaAmqp|index|index|[]
2014-02-21T09:11:35+01:00 : 2|admin|misc|ping|[]
2014-02-21T09:12:35+01:00 : 2|admin|misc|ping|[]
2014-02-21T09:13:35+01:00 : 2|admin|misc|ping|[]
2014-02-21T09:14:35+01:00 : 2|admin|misc|ping|[]
2014-02-21T09:15:35+01:00 : 2|admin|misc|ping|[]
2014-02-21T09:16:35+01:00 : 2|admin|misc|ping|[]
2014-02-21T09:17:35+01:00 : 2|admin|misc|ping|[]
2014-02-21T09:18:35+01:00 : 2|admin|misc|ping|[]
2014-02-21T09:19:35+01:00 : 2|admin|misc|ping|[]
2014-02-21T09:20:35+01:00 : 2|admin|misc|ping|[]
2014-02-21T09:21:35+01:00 : 2|admin|misc|ping|[]
2014-02-21T09:22:35+01:00 : 2|admin|misc|ping|[]
2014-02-21T09:23:35+01:00 : 2|admin|misc|ping|[]
2014-02-21T09:24:35+01:00 : 2|admin|misc|ping|[]
2014-02-21T09:25:35+01:00 : 2|admin|misc|ping|[]
2014-02-21T09:26:35+01:00 : 2|admin|misc|ping|[]
2014-02-21T09:27:35+01:00 : 2|admin|misc|ping|[]
2014-02-21T09:28:35+01:00 : 2|admin|misc|ping|[]
2014-02-21T09:29:35+01:00 : 2|admin|misc|ping|[]
2014-02-21T09:30:35+01:00 : 2|admin|misc|ping|[]
2014-02-21T09:30:57+01:00 : 2|KegaAmqp|index|index|[]
2014-02-21T09:31:19+01:00 : 2|KegaAmqp|index|index|[]
2014-02-21T09:31:35+01:00 : 2|admin|misc|ping|[]
2014-02-21T09:31:38+01:00 : 2|KegaAmqp|index|index|[]
2014-02-21T09:31:41+01:00 : 2|KegaAmqp|index|index|[]
2014-02-21T09:32:07+01:00 : 2|KegaAmqp|index|index|[]
2014-02-21T09:32:30+01:00 : 2|KegaAmqp|index|index|[]
2014-02-21T09:32:35+01:00 : 2|admin|misc|ping|[]
2014-02-21T09:32:42+01:00 : 2|KegaAmqp|index|index|[]
2014-02-21T09:32:51+01:00 : 2|KegaAmqp|index|index|[]
2014-02-21T09:33:32+01:00 : 2|KegaAmqp|index|index|[]
2014-02-21T09:33:35+01:00 : 2|admin|misc|ping|[]
2014-02-21T09:34:35+01:00 : 2|admin|misc|ping|[]
2014-02-21T09:35:35+01:00 : 2|admin|misc|ping|[]
2014-02-21T09:36:35+01:00 : 2|admin|misc|ping|[]
2014-02-21T09:37:35+01:00 : 2|admin|misc|ping|[]
2014-02-21T09:38:35+01:00 : 2|admin|misc|ping|[]
2014-02-21T09:38:46+01:00 : 2|KegaAmqp|index|index|[]
2014-02-21T09:39:36+01:00 : 2|admin|misc|ping|[]
2014-02-21T09:40:36+01:00 : 2|admin|misc|ping|[]
2014-02-21T09:40:48+01:00 : 2|KegaAmqp|index|index|[]
2014-02-21T09:41:36+01:00 : 2|admin|misc|ping|[]
2014-02-21T09:41:47+01:00 : 2|KegaAmqp|index|index|[]
2014-02-21T09:42:01+01:00 : 2|KegaAmqp|index|index|[]
2014-02-21T09:42:36+01:00 : 2|admin|misc|ping|[]
2014-02-21T09:43:36+01:00 : 2|admin|misc|ping|[]
2014-02-21T09:44:31+01:00 : 2|KegaAmqp|index|index|[]
2014-02-21T09:44:36+01:00 : 2|admin|misc|ping|[]
2014-02-21T09:45:36+01:00 : 2|admin|misc|ping|[]
2014-02-21T09:46:36+01:00 : 2|admin|misc|ping|[]
2014-02-21T09:47:36+01:00 : 2|admin|misc|ping|[]
2014-02-21T09:48:36+01:00 : 2|admin|misc|ping|[]
2014-02-21T09:49:36+01:00 : 2|admin|misc|ping|[]
2014-02-21T09:50:36+01:00 : 2|admin|misc|ping|[]
2014-02-21T09:50:50+01:00 : 2|KegaAmqp|index|index|[]
2014-02-21T09:51:15+01:00 : 2|KegaAmqp|index|index|[]
2014-02-21T09:51:17+01:00 : 2|KegaAmqp|index|index|[]
2014-02-21T09:51:18+01:00 : 2|KegaAmqp|index|index|[]
2014-02-21T09:51:18+01:00 : 2|KegaAmqp|index|index|[]
2014-02-21T09:51:28+01:00 : 2|KegaAmqp|index|index|[]
2014-02-21T09:51:36+01:00 : 2|admin|misc|ping|[]
2014-02-21T09:52:36+01:00 : 2|admin|misc|ping|[]
2014-02-21T09:53:36+01:00 : 2|admin|misc|ping|[]
2014-02-21T09:54:36+01:00 : 2|admin|misc|ping|[]
2014-02-21T09:55:36+01:00 : 2|admin|misc|ping|[]
2014-02-21T09:56:36+01:00 : 2|admin|misc|ping|[]
2014-02-21T09:57:36+01:00 : 2|admin|misc|ping|[]
2014-02-21T09:58:36+01:00 : 2|admin|misc|ping|[]
2014-02-21T09:59:36+01:00 : 2|admin|misc|ping|[]
2014-02-21T10:00:36+01:00 : 2|admin|misc|ping|[]
2014-02-21T10:01:36+01:00 : 2|admin|misc|ping|[]
2014-02-21T10:02:36+01:00 : 2|admin|misc|ping|[]
2014-02-21T10:03:36+01:00 : 2|admin|misc|ping|[]
2014-02-21T10:04:36+01:00 : 2|admin|misc|ping|[]
2014-02-21T10:05:36+01:00 : 2|admin|misc|ping|[]
2014-02-21T10:06:36+01:00 : 2|admin|misc|ping|[]
2014-02-21T10:07:36+01:00 : 2|admin|misc|ping|[]
2014-02-21T10:08:36+01:00 : 2|admin|misc|ping|[]
2014-02-21T10:09:36+01:00 : 2|admin|misc|ping|[]
2014-02-21T10:10:36+01:00 : 2|admin|misc|ping|[]
2014-02-21T10:11:36+01:00 : 2|admin|misc|ping|[]
2014-02-21T10:12:37+01:00 : 2|admin|misc|ping|[]
2014-02-21T10:13:37+01:00 : 2|admin|misc|ping|[]
2014-02-21T10:14:37+01:00 : 2|admin|misc|ping|[]
2014-02-21T10:15:37+01:00 : 2|admin|misc|ping|[]
2014-02-21T10:16:37+01:00 : 2|admin|misc|ping|[]
2014-02-21T10:17:37+01:00 : 2|admin|misc|ping|[]
2014-02-21T10:18:37+01:00 : 2|admin|misc|ping|[]
2014-02-21T10:19:37+01:00 : 2|admin|misc|ping|[]
2014-02-21T10:20:37+01:00 : 2|admin|misc|ping|[]
2014-02-21T10:21:37+01:00 : 2|admin|misc|ping|[]
2014-02-21T10:22:37+01:00 : 2|admin|misc|ping|[]
2014-02-21T10:23:37+01:00 : 2|admin|misc|ping|[]
2014-02-21T10:24:37+01:00 : 2|admin|misc|ping|[]
2014-02-21T10:25:37+01:00 : 2|admin|misc|ping|[]
2014-02-21T10:26:37+01:00 : 2|admin|misc|ping|[]
2014-02-21T10:27:37+01:00 : 2|admin|misc|ping|[]
2014-02-21T10:28:37+01:00 : 2|admin|misc|ping|[]
2014-02-21T10:29:37+01:00 : 2|admin|misc|ping|[]
2014-02-21T10:30:37+01:00 : 2|admin|misc|ping|[]
2014-02-21T10:31:37+01:00 : 2|admin|misc|ping|[]
2014-02-21T10:32:37+01:00 : 2|admin|misc|ping|[]
2014-02-21T10:33:37+01:00 : 2|admin|misc|ping|[]
2014-02-21T10:34:37+01:00 : 2|admin|misc|ping|[]
2014-02-21T10:35:37+01:00 : 2|admin|misc|ping|[]
2014-02-21T10:36:37+01:00 : 2|admin|misc|ping|[]
2014-02-21T10:37:37+01:00 : 2|admin|misc|ping|[]
2014-02-21T10:38:37+01:00 : 2|admin|misc|ping|[]
2014-02-21T10:39:37+01:00 : 2|admin|misc|ping|[]
2014-02-21T10:40:37+01:00 : 2|admin|misc|ping|[]
2014-02-21T10:41:37+01:00 : 2|admin|misc|ping|[]
2014-02-21T10:42:37+01:00 : 2|admin|misc|ping|[]
2014-02-21T10:43:37+01:00 : 2|admin|misc|ping|[]
2014-02-21T10:44:37+01:00 : 2|admin|misc|ping|[]
2014-02-21T10:45:37+01:00 : 2|admin|misc|ping|[]
2014-02-21T10:46:38+01:00 : 2|admin|misc|ping|[]
2014-02-21T10:47:38+01:00 : 2|admin|misc|ping|[]
2014-02-21T10:48:38+01:00 : 2|admin|misc|ping|[]
2014-02-21T10:49:38+01:00 : 2|admin|misc|ping|[]
2014-02-21T10:50:38+01:00 : 2|admin|misc|ping|[]
2014-02-21T10:51:38+01:00 : 2|admin|misc|ping|[]
2014-02-21T10:52:38+01:00 : 2|admin|misc|ping|[]
2014-02-21T10:53:38+01:00 : 2|admin|misc|ping|[]
2014-02-21T10:54:38+01:00 : 2|admin|misc|ping|[]
2014-02-21T10:55:38+01:00 : 2|admin|misc|ping|[]
2014-02-21T10:56:38+01:00 : 2|admin|misc|ping|[]
2014-02-21T10:57:38+01:00 : 2|admin|misc|ping|[]
2014-02-21T10:58:38+01:00 : 2|admin|misc|ping|[]
2014-02-21T10:59:38+01:00 : 2|admin|misc|ping|[]
2014-02-21T11:00:38+01:00 : 2|admin|misc|ping|[]
2014-02-21T11:01:38+01:00 : 2|admin|misc|ping|[]
2014-02-21T11:02:38+01:00 : 2|admin|misc|ping|[]
2014-02-21T11:03:38+01:00 : 2|admin|misc|ping|[]
2014-02-21T11:04:38+01:00 : 2|admin|misc|ping|[]
2014-02-21T11:05:38+01:00 : 2|admin|misc|ping|[]
2014-02-21T11:06:38+01:00 : 2|admin|misc|ping|[]
2014-02-21T11:07:38+01:00 : 2|admin|misc|ping|[]
2014-02-21T11:08:38+01:00 : 2|admin|misc|ping|[]
2014-02-21T11:09:38+01:00 : 2|admin|misc|ping|[]
2014-02-21T11:10:38+01:00 : 2|admin|misc|ping|[]
2014-02-21T11:11:38+01:00 : 2|admin|misc|ping|[]
2014-02-21T11:12:38+01:00 : 2|admin|misc|ping|[]
2014-02-21T11:13:38+01:00 : 2|admin|misc|ping|[]
2014-02-21T11:14:38+01:00 : 2|admin|misc|ping|[]
2014-02-21T11:15:38+01:00 : 2|admin|misc|ping|[]
2014-02-21T11:16:38+01:00 : 2|admin|misc|ping|[]
2014-02-21T11:17:38+01:00 : 2|admin|misc|ping|[]
2014-02-21T11:18:38+01:00 : 2|admin|misc|ping|[]
2014-02-21T11:19:38+01:00 : 2|admin|misc|ping|[]
2014-02-21T11:20:38+01:00 : 2|admin|misc|ping|[]
2014-02-21T11:21:38+01:00 : 2|admin|misc|ping|[]
2014-02-21T11:22:38+01:00 : 2|admin|misc|ping|[]
2014-02-21T11:23:38+01:00 : 2|admin|misc|ping|[]
2014-02-21T11:24:38+01:00 : 2|admin|misc|ping|[]
2014-02-21T11:25:38+01:00 : 2|admin|misc|ping|[]
2014-02-21T11:26:38+01:00 : 2|admin|misc|ping|[]
2014-02-21T11:27:38+01:00 : 2|admin|misc|ping|[]
2014-02-21T11:28:38+01:00 : 2|admin|misc|ping|[]
2014-02-21T11:29:38+01:00 : 2|admin|misc|ping|[]
2014-02-21T11:30:38+01:00 : 2|admin|misc|ping|[]
2014-02-21T11:31:38+01:00 : 2|admin|misc|ping|[]
2014-02-21T11:32:38+01:00 : 2|admin|misc|ping|[]
2014-02-21T11:33:38+01:00 : 2|admin|misc|ping|[]
2014-02-21T11:34:38+01:00 : 2|admin|misc|ping|[]
2014-02-21T11:35:38+01:00 : 2|admin|misc|ping|[]
2014-02-21T11:36:38+01:00 : 2|admin|misc|ping|[]
2014-02-21T11:37:38+01:00 : 2|admin|misc|ping|[]
2014-02-21T11:38:38+01:00 : 2|admin|misc|ping|[]
2014-02-21T11:39:38+01:00 : 2|admin|misc|ping|[]
2014-02-21T11:40:38+01:00 : 2|admin|misc|ping|[]
2014-02-21T11:41:38+01:00 : 2|admin|misc|ping|[]
2014-02-21T11:42:38+01:00 : 2|admin|misc|ping|[]
2014-02-21T11:43:38+01:00 : 2|admin|misc|ping|[]
2014-02-21T11:44:38+01:00 : 2|admin|misc|ping|[]
2014-02-21T11:45:38+01:00 : 2|admin|misc|ping|[]
2014-02-21T11:46:38+01:00 : 2|admin|misc|ping|[]
2014-02-21T11:47:38+01:00 : 2|admin|misc|ping|[]
2014-02-21T11:48:38+01:00 : 2|admin|misc|ping|[]
2014-02-21T11:49:38+01:00 : 2|admin|misc|ping|[]
2014-02-21T11:50:38+01:00 : 2|admin|misc|ping|[]
2014-02-21T11:51:38+01:00 : 2|admin|misc|ping|[]
2014-02-21T11:52:38+01:00 : 2|admin|misc|ping|[]
2014-02-21T11:53:38+01:00 : 2|admin|misc|ping|[]
2014-02-21T11:54:38+01:00 : 2|admin|misc|ping|[]
2014-02-21T11:55:38+01:00 : 2|admin|misc|ping|[]
2014-02-21T11:56:38+01:00 : 2|admin|misc|ping|[]
2014-02-21T11:57:38+01:00 : 2|admin|misc|ping|[]
2014-02-21T11:58:38+01:00 : 2|admin|misc|ping|[]
2014-02-21T11:59:38+01:00 : 2|admin|misc|ping|[]
2014-02-21T12:00:38+01:00 : 2|admin|misc|ping|[]
2014-02-21T12:01:38+01:00 : 2|admin|misc|ping|[]
2014-02-21T12:02:38+01:00 : 2|admin|misc|ping|[]
2014-02-21T12:03:38+01:00 : 2|admin|misc|ping|[]
2014-02-21T12:04:38+01:00 : 2|admin|misc|ping|[]
2014-02-21T12:05:38+01:00 : 2|admin|misc|ping|[]
2014-02-21T12:06:38+01:00 : 2|admin|misc|ping|[]
2014-02-21T12:07:38+01:00 : 2|admin|misc|ping|[]
2014-02-21T12:08:38+01:00 : 2|admin|misc|ping|[]
2014-02-21T12:09:38+01:00 : 2|admin|misc|ping|[]
2014-02-21T12:10:38+01:00 : 2|admin|misc|ping|[]
2014-02-21T12:11:38+01:00 : 2|admin|misc|ping|[]
2014-02-21T12:12:38+01:00 : 2|admin|misc|ping|[]
2014-02-21T12:13:38+01:00 : 2|admin|misc|ping|[]
2014-02-21T12:14:38+01:00 : 2|admin|misc|ping|[]
2014-02-21T12:15:38+01:00 : 2|admin|misc|ping|[]
2014-02-21T12:16:38+01:00 : 2|admin|misc|ping|[]
2014-02-21T12:17:38+01:00 : 2|admin|misc|ping|[]
2014-02-21T12:18:38+01:00 : 2|admin|misc|ping|[]
2014-02-21T12:19:38+01:00 : 2|admin|misc|ping|[]
2014-02-21T12:20:38+01:00 : 2|admin|misc|ping|[]
2014-02-21T12:21:38+01:00 : 2|admin|misc|ping|[]
2014-02-21T12:22:38+01:00 : 2|admin|misc|ping|[]
2014-02-21T12:23:38+01:00 : 2|admin|misc|ping|[]
2014-02-21T12:24:38+01:00 : 2|admin|misc|ping|[]
2014-02-21T12:25:38+01:00 : 2|admin|misc|ping|[]
2014-02-21T12:26:38+01:00 : 2|admin|misc|ping|[]
2014-02-21T12:27:38+01:00 : 2|admin|misc|ping|[]
2014-02-21T12:28:38+01:00 : 2|admin|misc|ping|[]
2014-02-21T12:29:38+01:00 : 2|admin|misc|ping|[]
2014-02-21T12:30:38+01:00 : 2|admin|misc|ping|[]
2014-02-21T12:31:38+01:00 : 2|admin|misc|ping|[]
2014-02-21T12:32:38+01:00 : 2|admin|misc|ping|[]
2014-02-21T12:33:38+01:00 : 2|admin|misc|ping|[]
2014-02-21T12:34:38+01:00 : 2|admin|misc|ping|[]
2014-02-21T12:35:38+01:00 : 2|admin|misc|ping|[]
2014-02-21T12:36:38+01:00 : 2|admin|misc|ping|[]
2014-02-21T12:37:38+01:00 : 2|admin|misc|ping|[]
2014-02-21T12:38:38+01:00 : 2|admin|misc|ping|[]
2014-02-21T12:39:38+01:00 : 2|admin|misc|ping|[]
2014-02-21T12:40:38+01:00 : 2|admin|misc|ping|[]
2014-02-21T12:41:38+01:00 : 2|admin|misc|ping|[]
2014-02-21T12:42:38+01:00 : 2|admin|misc|ping|[]
2014-02-21T12:43:38+01:00 : 2|admin|misc|ping|[]
2014-02-21T12:44:38+01:00 : 2|admin|misc|ping|[]
2014-02-21T12:45:38+01:00 : 2|admin|misc|ping|[]
2014-02-21T12:46:38+01:00 : 2|admin|misc|ping|[]
2014-02-21T12:47:38+01:00 : 2|admin|misc|ping|[]
2014-02-21T12:48:38+01:00 : 2|admin|misc|ping|[]
2014-02-21T12:49:38+01:00 : 2|admin|misc|ping|[]
2014-02-21T12:50:38+01:00 : 2|admin|misc|ping|[]
2014-02-21T12:51:38+01:00 : 2|admin|misc|ping|[]
2014-02-21T12:52:38+01:00 : 2|admin|misc|ping|[]
2014-02-21T12:53:15+01:00 : 2|admin|object|delete-info|{"id":"2"}
2014-02-21T12:53:16+01:00 : 2|admin|recyclebin|add|{"type":"object","id":"2"}
2014-02-21T12:53:17+01:00 : 2|admin|object|delete|{"id":"2"}
2014-02-21T12:53:22+01:00 : 2|admin|object|add|{"className":"test","classId":"1","parentId":"1","key":"test"}
2014-02-21T12:53:22+01:00 : 2|admin|misc|robohash|[]
2014-02-21T12:53:22+01:00 : 2|admin|object|tree-get-childs-by-id|{"limit":"30","start":"0","total":"1","node":"1"}
2014-02-21T12:53:22+01:00 : 2|admin|object|tree-get-childs-by-id|{"limit":"30","start":"0","total":"1","node":"3"}
2014-02-21T12:53:35+01:00 : 2|admin|object|get|{"id":"3"}
2014-02-21T12:53:38+01:00 : 2|admin|misc|ping|[]
2014-02-21T12:53:39+01:00 : 2|admin|object|save|{"task":"publish","id":"3","data":"{\"test\":\"test\"}","general":"{\"o_classId\":1,\"o_className\":\"test\",\"o_p..."}
2014-02-21T12:53:39+01:00 : 2|admin|object|get-versions|{"id":"3"}
2014-02-21T12:53:42+01:00 : 2|admin|object|delete-info|{"id":"3"}
2014-02-21T12:53:43+01:00 : 2|admin|element|unlock-element|{"id":"3","type":"object"}
2014-02-21T12:53:43+01:00 : 2|admin|recyclebin|add|{"type":"object","id":"3"}
2014-02-21T12:53:43+01:00 : 2|admin|object|delete|{"id":"3"}
2014-02-21T12:53:49+01:00 : 2|admin|object|add|{"className":"test","classId":"1","parentId":"1","key":"test"}
2014-02-21T12:53:49+01:00 : 2|admin|object|tree-get-childs-by-id|{"limit":"30","start":"0","total":"1","node":"1"}
2014-02-21T12:53:49+01:00 : 2|admin|object|get|{"id":"4"}
2014-02-21T12:53:49+01:00 : 2|admin|object|tree-get-childs-by-id|{"limit":"30","start":"0","total":"1","node":"4"}
2014-02-21T12:54:10+01:00 : 0|admin|login|index|[]
2014-02-21T12:54:22+01:00 : 0|admin|login|login|{"username":"admin","submit":"Login"}
2014-02-21T12:54:22+01:00 : 0|admin|login|index|{"auth_failed":"true","inactive":"null"}
2014-02-21T12:54:31+01:00 : 0|admin|login|login|{"username":"admin","submit":"Login"}
2014-02-21T12:54:31+01:00 : 2|admin|index|index|[]
2014-02-21T12:54:31+01:00 : 2|admin|user|get-image|[]
2014-02-21T12:54:32+01:00 : 2|admin|user|get-current-user|[]
2014-02-21T12:54:32+01:00 : 2|admin|misc|json-translations-admin|{"language":"en"}
2014-02-21T12:54:32+01:00 : 2|admin|misc|available-languages|[]
2014-02-21T12:54:32+01:00 : 2|admin|misc|json-translations-system|{"language":"en"}
2014-02-21T12:54:32+01:00 : 2|admin|misc|admin-css|[]
2014-02-21T12:54:32+01:00 : 2|admin|misc|robohash|{"width":"46","height":"46","seed":"admin-pimcore1.tim"}
2014-02-21T12:54:34+01:00 : 2|admin|class|get-tree|[]
2014-02-21T12:54:35+01:00 : 2|admin|document|doc-types|{"xaction":"read"}
2014-02-21T12:54:34+01:00 : 2|admin|settings|get-available-admin-languages|[]
2014-02-21T12:54:34+01:00 : 2|admin|settings|get-available-sites|[]
2014-02-21T12:54:35+01:00 : 2|reports|targeting|persona-list|[]
2014-02-21T12:54:35+01:00 : 2|admin|document|tree-get-root|{"id":"1"}
2014-02-21T12:54:35+01:00 : 2|admin|asset|tree-get-root|{"id":"1"}
2014-02-21T12:54:35+01:00 : 2|admin|object|tree-get-root|{"id":"1"}
2014-02-21T12:54:35+01:00 : 2|admin|portal|dashboard-list|[]
2014-02-21T12:54:35+01:00 : 2|admin|portal|get-configuration|{"key":"welcome"}
2014-02-21T12:54:35+01:00 : 2|admin|document|tree-get-childs-by-id|{"limit":"50","start":"0","node":"1"}
2014-02-21T12:54:36+01:00 : 2|admin|asset|tree-get-childs-by-id|{"limit":"50","start":"0","node":"1"}
2014-02-21T12:54:36+01:00 : 2|admin|portal|portlet-modified-objects|[]
2014-02-21T12:54:36+01:00 : 2|admin|portal|portlet-modified-assets|[]
2014-02-21T12:54:36+01:00 : 2|reports|custom-report|get-report-config|[]
2014-02-21T12:54:36+01:00 : 2|admin|object|tree-get-childs-by-id|{"limit":"30","start":"0","node":"1"}
2014-02-21T12:54:36+01:00 : 2|admin|portal|portlet-modification-statistics|[]
2014-02-21T12:54:36+01:00 : 2|admin|portal|portlet-modified-documents|[]
2014-02-21T12:54:36+01:00 : 2|admin|object|tree-get-childs-by-id|{"limit":"30","start":"0","node":"4"}
2014-02-21T12:54:38+01:00 : 2|admin|misc|ping|[]
2014-02-21T12:54:42+01:00 : 2|admin|object|delete-info|{"id":"4"}
2014-02-21T12:54:44+01:00 : 2|admin|recyclebin|add|{"type":"object","id":"4"}
2014-02-21T12:54:44+01:00 : 2|admin|object|delete|{"id":"4"}
2014-02-21T12:54:50+01:00 : 2|admin|misc|get-valid-filename|{"value":"test"}
2014-02-21T12:54:50+01:00 : 2|admin|object|add|{"className":"test","classId":"1","parentId":"1","key":"test"}
2014-02-21T12:54:50+01:00 : 2|admin|misc|robohash|[]
2014-02-21T12:54:50+01:00 : 2|admin|object|tree-get-childs-by-id|{"limit":"30","start":"0","total":"1","node":"1"}
2014-02-21T12:54:50+01:00 : 2|admin|object|tree-get-childs-by-id|{"limit":"30","start":"0","total":"1","node":"5"}
2014-02-21T12:55:04+01:00 : 2|admin|translation|add-admin-translation-keys|{"keys":"[\"test\"]"}
2014-02-21T12:55:05+01:00 : 2|admin|object|delete-info|{"id":"5"}
2014-02-21T12:55:31+01:00 : 2|admin|object|delete-info|{"id":"5"}
2014-02-21T12:55:32+01:00 : 2|admin|recyclebin|add|{"type":"object","id":"5"}
2014-02-21T12:55:32+01:00 : 2|admin|object|delete|{"id":"5"}
2014-02-21T12:55:34+01:00 : 2|admin|misc|ping|[]
2014-02-21T12:55:38+01:00 : 2|admin|misc|ping|[]
2014-02-21T12:55:42+01:00 : 2|admin|object|add|{"className":"test","classId":"1","parentId":"1","key":"test"}
2014-02-21T12:55:42+01:00 : 2|admin|object|tree-get-childs-by-id|{"limit":"30","start":"0","total":"1","node":"1"}
2014-02-21T12:55:42+01:00 : 2|admin|object|get|{"id":"6"}
2014-02-21T12:55:43+01:00 : 2|admin|object|tree-get-childs-by-id|{"limit":"30","start":"0","total":"1","node":"6"}
2014-02-21T12:55:46+01:00 : 2|admin|object|save|{"task":"publish","id":"6","data":"{\"test\":\"test\"}","general":"{\"o_classId\":1,\"o_className\":\"test\",\"o_p..."}
2014-02-21T12:55:46+01:00 : 2|admin|object|get-versions|{"id":"6"}
2014-02-21T12:56:04+01:00 : 2|admin|object|save|{"task":"publish","id":"6","data":"{\"test\":\"test1\"}","general":"{\"o_classId\":1,\"o_className\":\"test\",\"o_p..."}
2014-02-21T12:56:04+01:00 : 2|admin|object|get-versions|{"id":"6"}
2014-02-21T12:56:34+01:00 : 2|admin|misc|ping|[]
2014-02-21T12:56:38+01:00 : 2|admin|misc|ping|[]
2014-02-21T12:56:43+01:00 : 2|admin|object|save|{"task":"publish","id":"6","data":"{\"test\":\"test\"}","general":"{\"o_classId\":1,\"o_className\":\"test\",\"o_p..."}
2014-02-21T12:56:43+01:00 : 2|admin|object|get-versions|{"id":"6"}
2014-02-21T12:57:34+01:00 : 2|admin|misc|ping|[]
2014-02-21T12:57:38+01:00 : 2|admin|misc|ping|[]
2014-02-21T12:58:34+01:00 : 2|admin|misc|ping|[]
2014-02-21T12:58:38+01:00 : 2|admin|misc|ping|[]
2014-02-21T12:58:53+01:00 : 2|admin|object|delete-info|{"id":"6"}
2014-02-21T12:59:01+01:00 : 2|admin|index|index|[]
2014-02-21T12:59:02+01:00 : 2|admin|user|get-current-user|[]
2014-02-21T12:59:02+01:00 : 2|admin|misc|json-translations-admin|{"language":"en"}
2014-02-21T12:59:02+01:00 : 2|admin|misc|json-translations-system|{"language":"en"}
2014-02-21T12:59:02+01:00 : 2|admin|misc|available-languages|[]
2014-02-21T12:59:02+01:00 : 2|admin|user|get-image|[]
2014-02-21T12:59:02+01:00 : 2|admin|misc|admin-css|[]
2014-02-21T12:59:02+01:00 : 2|admin|misc|robohash|{"width":"46","height":"46","seed":"admin-pimcore1.tim"}
2014-02-21T12:59:05+01:00 : 2|admin|document|tree-get-root|{"id":"1"}
2014-02-21T12:59:05+01:00 : 2|admin|class|get-tree|[]
2014-02-21T12:59:05+01:00 : 2|admin|settings|get-available-sites|[]
2014-02-21T12:59:05+01:00 : 2|reports|targeting|persona-list|[]
2014-02-21T12:59:05+01:00 : 2|admin|document|doc-types|{"xaction":"read"}
2014-02-21T12:59:05+01:00 : 2|admin|settings|get-available-admin-languages|[]
2014-02-21T12:59:05+01:00 : 2|admin|object|tree-get-root|{"id":"1"}
2014-02-21T12:59:05+01:00 : 2|admin|portal|get-configuration|{"key":"welcome"}
2014-02-21T12:59:05+01:00 : 2|admin|asset|tree-get-root|{"id":"1"}
2014-02-21T12:59:05+01:00 : 2|admin|portal|dashboard-list|[]
2014-02-21T12:59:05+01:00 : 2|admin|document|tree-get-childs-by-id|{"limit":"50","start":"0","node":"1"}
2014-02-21T12:59:06+01:00 : 2|admin|portal|portlet-modified-assets|[]
2014-02-21T12:59:06+01:00 : 2|admin|portal|portlet-modification-statistics|[]
2014-02-21T12:59:06+01:00 : 2|admin|portal|portlet-modified-objects|[]
2014-02-21T12:59:06+01:00 : 2|admin|portal|portlet-modified-documents|[]
2014-02-21T12:59:06+01:00 : 2|admin|asset|tree-get-childs-by-id|{"limit":"50","start":"0","node":"1"}
2014-02-21T12:59:06+01:00 : 2|admin|object|tree-get-childs-by-id|{"limit":"30","start":"0","node":"1"}
2014-02-21T12:59:06+01:00 : 2|reports|custom-report|get-report-config|[]
2014-02-21T12:59:06+01:00 : 2|admin|object|get|{"id":"6"}
2014-02-21T12:59:06+01:00 : 2|admin|object|tree-get-childs-by-id|{"limit":"30","start":"0","node":"6"}
2014-02-21T12:59:10+01:00 : 2|admin|object|delete-info|{"id":"6"}
2014-02-21T12:59:11+01:00 : 2|admin|element|unlock-element|{"id":"6","type":"object"}
2014-02-21T12:59:11+01:00 : 2|admin|recyclebin|add|{"type":"object","id":"6"}
2014-02-21T12:59:12+01:00 : 2|admin|object|delete|{"id":"6"}
2014-02-21T12:59:17+01:00 : 2|admin|misc|get-valid-filename|{"value":"test"}
2014-02-21T12:59:17+01:00 : 2|admin|object|add|{"className":"test","classId":"1","parentId":"1","key":"test"}
2014-02-21T12:59:17+01:00 : 2|admin|object|get|{"id":"7"}
2014-02-21T12:59:17+01:00 : 2|admin|object|tree-get-childs-by-id|{"limit":"30","start":"0","total":"1","node":"1"}
2014-02-21T12:59:17+01:00 : 2|admin|object|tree-get-childs-by-id|{"limit":"30","start":"0","total":"1","node":"7"}
2014-02-21T12:59:23+01:00 : 2|admin|object|save|{"task":"publish","id":"7","data":"{\"test\":\"test\"}","general":"{\"o_classId\":1,\"o_className\":\"test\",\"o_p..."}
2014-02-21T12:59:24+01:00 : 2|admin|object|get-versions|{"id":"7"}
2014-02-21T12:59:33+01:00 : 2|admin|translation|add-admin-translation-keys|{"keys":"[\"test\",\"test\",\"test\",\"test\",\"test\"]"}
2014-02-21T12:59:38+01:00 : 2|admin|misc|ping|[]
2014-02-21T13:00:03+01:00 : 2|admin|misc|ping|[]
2014-02-21T13:00:08+01:00 : 2|admin|index|index|[]
2014-02-21T13:00:09+01:00 : 2|admin|misc|available-languages|[]
2014-02-21T13:00:09+01:00 : 2|admin|misc|json-translations-system|{"language":"en"}
2014-02-21T13:00:09+01:00 : 2|admin|misc|json-translations-admin|{"language":"en"}
2014-02-21T13:00:09+01:00 : 2|admin|user|get-current-user|[]
2014-02-21T13:00:09+01:00 : 2|admin|user|get-image|[]
2014-02-21T13:00:09+01:00 : 2|admin|misc|admin-css|[]
2014-02-21T13:00:09+01:00 : 2|admin|misc|robohash|{"width":"46","height":"46","seed":"admin-pimcore1.tim"}
2014-02-21T13:00:11+01:00 : 2|admin|class|get-tree|[]
2014-02-21T13:00:11+01:00 : 2|admin|document|tree-get-root|{"id":"1"}
2014-02-21T13:00:11+01:00 : 2|admin|document|doc-types|{"xaction":"read"}
2014-02-21T13:00:11+01:00 : 2|reports|targeting|persona-list|[]
2014-02-21T13:00:11+01:00 : 2|admin|settings|get-available-sites|[]
2014-02-21T13:00:11+01:00 : 2|admin|settings|get-available-admin-languages|[]
2014-02-21T13:00:11+01:00 : 2|admin|object|tree-get-root|{"id":"1"}
2014-02-21T13:00:11+01:00 : 2|admin|asset|tree-get-root|{"id":"1"}
2014-02-21T13:00:11+01:00 : 2|admin|portal|get-configuration|{"key":"welcome"}
2014-02-21T13:00:11+01:00 : 2|admin|portal|dashboard-list|[]
2014-02-21T13:00:11+01:00 : 2|admin|document|tree-get-childs-by-id|{"limit":"50","start":"0","node":"1"}
2014-02-21T13:00:12+01:00 : 2|admin|portal|portlet-modification-statistics|[]
2014-02-21T13:00:12+01:00 : 2|admin|portal|portlet-modified-objects|[]
2014-02-21T13:00:12+01:00 : 2|admin|portal|portlet-modified-documents|[]
2014-02-21T13:00:12+01:00 : 2|admin|portal|portlet-modified-assets|[]
2014-02-21T13:00:12+01:00 : 2|admin|object|tree-get-childs-by-id|{"limit":"30","start":"0","node":"1"}
2014-02-21T13:00:12+01:00 : 2|admin|asset|tree-get-childs-by-id|{"limit":"50","start":"0","node":"1"}
2014-02-21T13:00:12+01:00 : 2|reports|custom-report|get-report-config|[]
2014-02-21T13:00:12+01:00 : 2|admin|object|tree-get-childs-by-id|{"limit":"30","start":"0","node":"7"}
2014-02-21T13:00:12+01:00 : 2|admin|object|get|{"id":"7"}
2014-02-21T13:00:17+01:00 : 2|admin|object|delete-info|{"id":"7"}
2014-02-21T13:00:19+01:00 : 2|admin|element|unlock-element|{"id":"7","type":"object"}
2014-02-21T13:00:19+01:00 : 2|admin|recyclebin|add|{"type":"object","id":"7"}
2014-02-21T13:00:19+01:00 : 2|admin|object|delete|{"id":"7"}
2014-02-21T13:00:38+01:00 : 2|admin|misc|ping|[]
2014-02-21T13:00:40+01:00 : 2|admin|translation|add-admin-translation-keys|{"keys":"[\"test\",\"test\",\"test\"]"}
2014-02-21T13:01:09+01:00 : 2|admin|misc|get-valid-filename|{"value":"test"}
2014-02-21T13:01:09+01:00 : 2|admin|object|add|{"className":"test","classId":"1","parentId":"1","key":"test"}
2014-02-21T13:01:09+01:00 : 2|admin|object|tree-get-childs-by-id|{"limit":"30","start":"0","total":"1","node":"1"}
2014-02-21T13:01:09+01:00 : 2|admin|object|get|{"id":"8"}
2014-02-21T13:01:09+01:00 : 2|admin|object|tree-get-childs-by-id|{"limit":"30","start":"0","total":"1","node":"8"}
2014-02-21T13:01:10+01:00 : 2|admin|misc|ping|[]
2014-02-21T13:01:15+01:00 : 2|admin|object|save|{"task":"publish","id":"8","data":"{\"test\":\"test\"}","general":"{\"o_classId\":1,\"o_className\":\"test\",\"o_p..."}
2014-02-21T13:01:15+01:00 : 2|admin|object|get-versions|{"id":"8"}
2014-02-21T13:01:38+01:00 : 2|admin|misc|ping|[]
2014-02-21T13:02:08+01:00 : 2|admin|index|index|[]
2014-02-21T13:02:09+01:00 : 2|admin|user|get-current-user|[]
2014-02-21T13:02:09+01:00 : 2|admin|misc|available-languages|[]
2014-02-21T13:02:09+01:00 : 2|admin|misc|json-translations-admin|{"language":"en"}
2014-02-21T13:02:09+01:00 : 2|admin|user|get-image|[]
2014-02-21T13:02:09+01:00 : 2|admin|misc|admin-css|[]
2014-02-21T13:02:09+01:00 : 2|admin|misc|json-translations-system|{"language":"en"}
2014-02-21T13:02:09+01:00 : 2|admin|misc|robohash|{"width":"46","height":"46","seed":"admin-pimcore1.tim"}
2014-02-21T13:02:11+01:00 : 2|reports|targeting|persona-list|[]
2014-02-21T13:02:11+01:00 : 2|admin|class|get-tree|[]
2014-02-21T13:02:11+01:00 : 2|admin|settings|get-available-admin-languages|[]
2014-02-21T13:02:11+01:00 : 2|admin|document|doc-types|{"xaction":"read"}
2014-02-21T13:02:11+01:00 : 2|admin|settings|get-available-sites|[]
2014-02-21T13:02:11+01:00 : 2|admin|document|tree-get-root|{"id":"1"}
2014-02-21T13:02:11+01:00 : 2|admin|asset|tree-get-root|{"id":"1"}
2014-02-21T13:02:11+01:00 : 2|admin|portal|dashboard-list|[]
2014-02-21T13:02:11+01:00 : 2|admin|portal|get-configuration|{"key":"welcome"}
2014-02-21T13:02:11+01:00 : 2|admin|object|tree-get-root|{"id":"1"}
2014-02-21T13:02:11+01:00 : 2|admin|document|tree-get-childs-by-id|{"limit":"50","start":"0","node":"1"}
2014-02-21T13:02:12+01:00 : 2|admin|portal|portlet-modified-documents|[]
2014-02-21T13:02:12+01:00 : 2|admin|portal|portlet-modification-statistics|[]
2014-02-21T13:02:12+01:00 : 2|admin|portal|portlet-modified-assets|[]
2014-02-21T13:02:12+01:00 : 2|admin|asset|tree-get-childs-by-id|{"limit":"50","start":"0","node":"1"}
2014-02-21T13:02:12+01:00 : 2|admin|portal|portlet-modified-objects|[]
2014-02-21T13:02:12+01:00 : 2|admin|object|tree-get-childs-by-id|{"limit":"30","start":"0","node":"1"}
2014-02-21T13:02:12+01:00 : 2|reports|custom-report|get-report-config|[]
2014-02-21T13:02:12+01:00 : 2|admin|object|get|{"id":"8"}
2014-02-21T13:02:12+01:00 : 2|admin|object|tree-get-childs-by-id|{"limit":"30","start":"0","node":"8"}
2014-02-21T13:02:18+01:00 : 2|admin|object|save|{"task":"publish","id":"8","data":"{\"test\":\"test1\"}","general":"{\"o_classId\":1,\"o_className\":\"test\",\"o_p..."}
2014-02-21T13:02:19+01:00 : 2|admin|misc|robohash|[]
2014-02-21T13:02:19+01:00 : 2|admin|object|get-versions|{"id":"8"}
2014-02-21T13:02:38+01:00 : 2|admin|misc|ping|[]
2014-02-21T13:02:40+01:00 : 2|admin|translation|add-admin-translation-keys|{"keys":"[\"test\",\"test\",\"test\"]"}
2014-02-21T13:03:10+01:00 : 2|admin|misc|ping|[]
2014-02-21T13:03:38+01:00 : 2|admin|misc|ping|[]
2014-02-21T13:04:10+01:00 : 2|admin|misc|ping|[]
2014-02-21T13:04:38+01:00 : 2|admin|misc|ping|[]
2014-02-21T13:05:10+01:00 : 2|admin|misc|ping|[]
2014-02-21T13:05:38+01:00 : 2|admin|misc|ping|[]
2014-02-21T13:06:10+01:00 : 2|admin|misc|ping|[]
2014-02-21T13:06:20+01:00 : 2|KegaAmqp|index|index|[]
2014-02-21T13:06:39+01:00 : 2|admin|misc|ping|[]
2014-02-21T13:06:55+01:00 : 2|admin|object|save|{"task":"publish","id":"4","data":"{\"test\":\"tim\"}","general":"{\"o_classId\":1,\"o_className\":\"test\",\"o_p..."}
2014-02-21T13:06:55+01:00 : 2|admin|misc|robohash|[]
2014-02-21T13:06:55+01:00 : 2|admin|object|get-versions|{"id":"4"}
2014-02-21T13:07:08+01:00 : 2|admin|element|unlock-element|{"id":"4","type":"object"}
2014-02-21T13:07:09+01:00 : 2|admin|object|get|{"id":"4"}
2014-02-21T13:07:10+01:00 : 2|admin|object|get|{"id":"4"}
2014-02-21T13:07:10+01:00 : 2|admin|misc|ping|[]
2014-02-21T13:07:12+01:00 : 2|admin|object|get|{"id":"4"}
2014-02-21T13:07:21+01:00 : 2|admin|index|index|[]
2014-02-21T13:07:21+01:00 : 2|admin|misc|json-translations-admin|{"language":"en"}
2014-02-21T13:07:21+01:00 : 2|admin|user|get-current-user|[]
2014-02-21T13:07:21+01:00 : 2|admin|misc|available-languages|[]
2014-02-21T13:07:21+01:00 : 2|admin|misc|json-translations-system|{"language":"en"}
2014-02-21T13:07:21+01:00 : 2|admin|misc|admin-css|[]
2014-02-21T13:07:21+01:00 : 2|admin|user|get-image|[]
2014-02-21T13:07:21+01:00 : 2|admin|misc|robohash|{"width":"46","height":"46","seed":"admin-pimcore1.tim"}
2014-02-21T13:07:22+01:00 : 2|admin|settings|get-available-admin-languages|[]
2014-02-21T13:07:22+01:00 : 2|admin|document|tree-get-root|{"id":"1"}
2014-02-21T13:07:22+01:00 : 2|reports|targeting|persona-list|[]
2014-02-21T13:07:22+01:00 : 2|admin|document|doc-types|{"xaction":"read"}
2014-02-21T13:07:22+01:00 : 2|admin|settings|get-available-sites|[]
2014-02-21T13:07:22+01:00 : 2|admin|class|get-tree|[]
2014-02-21T13:07:23+01:00 : 2|admin|asset|tree-get-root|{"id":"1"}
2014-02-21T13:07:23+01:00 : 2|admin|object|tree-get-root|{"id":"1"}
2014-02-21T13:07:23+01:00 : 2|admin|portal|get-configuration|{"key":"welcome"}
2014-02-21T13:07:23+01:00 : 2|admin|portal|dashboard-list|[]
2014-02-21T13:07:23+01:00 : 2|admin|document|tree-get-childs-by-id|{"limit":"50","start":"0","node":"1"}
2014-02-21T13:07:23+01:00 : 2|admin|portal|portlet-modified-assets|[]
2014-02-21T13:07:23+01:00 : 2|admin|portal|portlet-modified-objects|[]
2014-02-21T13:07:23+01:00 : 2|admin|portal|portlet-modified-documents|[]
2014-02-21T13:07:23+01:00 : 2|admin|portal|portlet-modification-statistics|[]
2014-02-21T13:07:24+01:00 : 2|admin|asset|tree-get-childs-by-id|{"limit":"50","start":"0","node":"1"}
2014-02-21T13:07:24+01:00 : 2|admin|object|tree-get-childs-by-id|{"limit":"30","start":"0","node":"1"}
2014-02-21T13:07:24+01:00 : 2|reports|custom-report|get-report-config|[]
2014-02-21T13:07:24+01:00 : 2|admin|object|get|{"id":"4"}
2014-02-21T13:07:24+01:00 : 2|admin|object|tree-get-childs-by-id|{"limit":"30","start":"0","node":"8"}
2014-02-21T13:07:26+01:00 : 2|admin|object|get|{"id":"8"}
2014-02-21T13:07:27+01:00 : 2|admin|element|unlock-element|{"id":"8","type":"object"}
2014-02-21T13:07:28+01:00 : 2|admin|object|get|{"id":"8"}
2014-02-21T13:07:31+01:00 : 2|admin|object|save|{"task":"publish","id":"8","data":"{\"test\":\"tim\"}","general":"{\"o_classId\":1,\"o_className\":\"test\",\"o_p..."}
2014-02-21T13:07:31+01:00 : 2|admin|object|get-versions|{"id":"8"}
2014-02-21T13:07:38+01:00 : 2|KegaAmqp|index|index|[]
2014-02-21T13:07:52+01:00 : 2|admin|translation|add-admin-translation-keys|{"keys":"[\"test\",\"test\",\"test\"]"}
2014-02-21T13:08:02+01:00 : 2|KegaAmqp|index|index|[]
2014-02-21T13:08:10+01:00 : 2|admin|misc|ping|[]
2014-02-21T13:08:22+01:00 : 2|admin|misc|ping|[]
2014-02-21T13:09:10+01:00 : 2|admin|misc|ping|[]
2014-02-21T13:09:22+01:00 : 2|admin|misc|ping|[]
2014-02-21T13:10:10+01:00 : 2|admin|misc|ping|[]
2014-02-21T13:10:22+01:00 : 2|admin|misc|ping|[]
2014-02-21T13:11:10+01:00 : 2|admin|misc|ping|[]
2014-02-21T13:11:22+01:00 : 2|admin|misc|ping|[]
2014-02-21T13:11:59+01:00 : 2|KegaAmqp|index|index|[]
2014-02-21T13:12:10+01:00 : 2|admin|misc|ping|[]
2014-02-21T13:12:10+01:00 : 2|KegaAmqp|index|index|[]
2014-02-21T13:12:22+01:00 : 2|admin|misc|ping|[]
2014-02-21T13:13:10+01:00 : 2|admin|misc|ping|[]
2014-02-21T13:13:22+01:00 : 2|admin|misc|ping|[]
2014-02-21T13:14:10+01:00 : 2|admin|misc|ping|[]
2014-02-21T13:14:22+01:00 : 2|admin|misc|ping|[]
2014-02-21T13:15:00+01:00 : 2|KegaAmqp|index|index|[]
2014-02-21T13:15:10+01:00 : 2|admin|misc|ping|[]
2014-02-21T13:15:15+01:00 : 2|KegaAmqp|index|index|[]
2014-02-21T13:15:22+01:00 : 2|admin|misc|ping|[]
2014-02-21T13:15:24+01:00 : 2|KegaAmqp|index|index|[]
2014-02-21T13:15:42+01:00 : 2|KegaAmqp|index|index|[]
2014-02-21T13:15:48+01:00 : 2|KegaAmqp|index|index|[]
2014-02-21T13:16:10+01:00 : 2|admin|misc|ping|[]
2014-02-21T13:16:22+01:00 : 2|admin|misc|ping|[]
2014-02-21T13:17:10+01:00 : 2|admin|misc|ping|[]
2014-02-21T13:17:12+01:00 : 2|KegaAmqp|index|index|[]
2014-02-21T13:17:22+01:00 : 2|admin|misc|ping|[]
2014-02-21T13:18:10+01:00 : 2|admin|misc|ping|[]
2014-02-21T13:18:22+01:00 : 2|admin|misc|ping|[]
2014-02-21T13:19:05+01:00 : 2|admin|object|tree-get-childs-by-id|{"limit":"30","start":"0","total":"1","node":"1"}
2014-02-21T13:19:05+01:00 : 2|admin|object|tree-get-childs-by-id|{"limit":"30","start":"0","total":"1","node":"9"}
2014-02-21T13:19:05+01:00 : 2|admin|object|tree-get-childs-by-id|{"limit":"30","start":"0","total":"1","node":"8"}
2014-02-21T13:19:10+01:00 : 2|admin|misc|ping|[]
2014-02-21T13:19:22+01:00 : 2|admin|misc|ping|[]
2014-02-21T13:19:48+01:00 : 2|KegaAmqp|index|index|[]
2014-02-21T13:20:07+01:00 : 2|admin|object|tree-get-childs-by-id|{"limit":"30","start":"0","total":"2","node":"1"}
2014-02-21T13:20:08+01:00 : 2|admin|object|tree-get-childs-by-id|{"limit":"30","start":"0","total":"2","node":"8"}
2014-02-21T13:20:08+01:00 : 2|admin|object|tree-get-childs-by-id|{"limit":"30","start":"0","total":"2","node":"10"}
2014-02-21T13:20:08+01:00 : 2|admin|object|tree-get-childs-by-id|{"limit":"30","start":"0","total":"2","node":"9"}
2014-02-21T13:20:08+01:00 : 2|admin|object|get|{"id":"9"}
2014-02-21T13:20:10+01:00 : 2|admin|misc|ping|[]
2014-02-21T13:20:22+01:00 : 2|admin|misc|ping|[]
2014-02-21T13:21:10+01:00 : 2|admin|misc|ping|[]
2014-02-21T13:21:22+01:00 : 2|admin|misc|ping|[]
2014-02-21T13:22:10+01:00 : 2|admin|misc|ping|[]
2014-02-21T13:22:17+01:00 : 2|KegaAmqp|index|index|[]
2014-02-21T13:22:22+01:00 : 2|admin|misc|ping|[]
2014-02-21T13:23:10+01:00 : 2|admin|misc|ping|[]
2014-02-21T13:23:22+01:00 : 2|admin|misc|ping|[]
2014-02-21T13:24:10+01:00 : 2|admin|misc|ping|[]
2014-02-21T13:24:22+01:00 : 2|admin|misc|ping|[]
2014-02-21T13:25:10+01:00 : 2|admin|misc|ping|[]
2014-02-21T13:25:22+01:00 : 2|admin|misc|ping|[]
2014-02-21T13:26:10+01:00 : 2|admin|misc|ping|[]
2014-02-21T13:26:22+01:00 : 2|admin|misc|ping|[]
2014-02-21T13:26:42+01:00 : 2|KegaAmqp|index|index|[]
2014-02-21T13:27:10+01:00 : 2|admin|misc|ping|[]
2014-02-21T13:27:22+01:00 : 2|admin|misc|ping|[]
2014-02-21T13:28:10+01:00 : 2|admin|misc|ping|[]
2014-02-21T13:28:22+01:00 : 2|admin|misc|ping|[]
2014-02-21T13:29:10+01:00 : 2|admin|misc|ping|[]
2014-02-21T13:29:22+01:00 : 2|admin|misc|ping|[]
2014-02-21T13:30:10+01:00 : 2|admin|misc|ping|[]
2014-02-21T13:30:22+01:00 : 2|admin|misc|ping|[]
2014-02-21T13:31:10+01:00 : 2|admin|misc|ping|[]
2014-02-21T13:31:22+01:00 : 2|admin|misc|ping|[]
2014-02-21T13:32:10+01:00 : 2|admin|misc|ping|[]
2014-02-21T13:32:22+01:00 : 2|admin|misc|ping|[]
2014-02-21T13:33:10+01:00 : 2|admin|misc|ping|[]
2014-02-21T13:33:22+01:00 : 2|admin|misc|ping|[]
2014-02-21T13:34:10+01:00 : 2|admin|misc|ping|[]
2014-02-21T13:34:22+01:00 : 2|admin|misc|ping|[]
2014-02-21T13:35:10+01:00 : 2|admin|misc|ping|[]
2014-02-21T13:35:22+01:00 : 2|admin|misc|ping|[]
2014-02-21T13:36:10+01:00 : 2|admin|misc|ping|[]
2014-02-21T13:36:22+01:00 : 2|admin|misc|ping|[]
2014-02-21T13:37:10+01:00 : 2|admin|misc|ping|[]
2014-02-21T13:37:22+01:00 : 2|admin|misc|ping|[]
2014-02-21T13:38:10+01:00 : 2|admin|misc|ping|[]
2014-02-21T13:38:22+01:00 : 2|admin|misc|ping|[]
2014-02-21T13:39:10+01:00 : 2|admin|misc|ping|[]
2014-02-21T13:39:22+01:00 : 2|admin|misc|ping|[]
2014-02-21T13:40:10+01:00 : 2|admin|misc|ping|[]
2014-02-21T13:40:22+01:00 : 2|admin|misc|ping|[]
2014-02-21T13:41:10+01:00 : 2|admin|misc|ping|[]
2014-02-21T13:41:22+01:00 : 2|admin|misc|ping|[]
2014-02-21T13:42:10+01:00 : 2|admin|misc|ping|[]
2014-02-21T13:42:22+01:00 : 2|admin|misc|ping|[]
2014-02-21T13:43:10+01:00 : 2|admin|misc|ping|[]
2014-02-21T13:43:22+01:00 : 2|admin|misc|ping|[]
2014-02-21T13:44:10+01:00 : 2|admin|misc|ping|[]
2014-02-21T13:44:22+01:00 : 2|admin|misc|ping|[]
2014-02-21T13:45:10+01:00 : 2|admin|misc|ping|[]
2014-02-21T13:45:22+01:00 : 2|admin|misc|ping|[]
2014-02-21T13:46:10+01:00 : 2|admin|misc|ping|[]
2014-02-21T13:46:22+01:00 : 2|admin|misc|ping|[]
2014-02-21T13:47:10+01:00 : 2|admin|misc|ping|[]
2014-02-21T13:47:22+01:00 : 2|admin|misc|ping|[]
2014-02-21T13:48:10+01:00 : 2|admin|misc|ping|[]
2014-02-21T13:48:22+01:00 : 2|admin|misc|ping|[]
2014-02-21T13:49:10+01:00 : 2|admin|misc|ping|[]
2014-02-21T13:49:22+01:00 : 2|admin|misc|ping|[]
2014-02-21T13:50:10+01:00 : 2|admin|misc|ping|[]
2014-02-21T13:50:22+01:00 : 2|admin|misc|ping|[]
2014-02-21T13:51:10+01:00 : 2|admin|misc|ping|[]
2014-02-21T13:51:22+01:00 : 2|admin|misc|ping|[]
2014-02-21T13:52:10+01:00 : 2|admin|misc|ping|[]
2014-02-21T13:52:22+01:00 : 2|admin|misc|ping|[]
2014-02-21T13:53:10+01:00 : 2|admin|misc|ping|[]
2014-02-21T13:53:22+01:00 : 2|admin|misc|ping|[]
2014-02-21T13:54:10+01:00 : 2|admin|misc|ping|[]
2014-02-21T13:54:22+01:00 : 2|admin|misc|ping|[]
2014-02-21T13:55:10+01:00 : 2|admin|misc|ping|[]
2014-02-21T13:55:22+01:00 : 2|admin|misc|ping|[]
2014-02-21T13:56:10+01:00 : 2|admin|misc|ping|[]
2014-02-21T13:56:22+01:00 : 2|admin|misc|ping|[]
2014-02-21T13:57:10+01:00 : 2|admin|misc|ping|[]
2014-02-21T13:57:22+01:00 : 2|admin|misc|ping|[]
2014-02-21T13:58:10+01:00 : 2|admin|misc|ping|[]
